{"/Users/aicec/_Book_Claude-Code/week1/Fri/src/App.js": {"path":"/Users/aicec/_Book_Claude-Code/week1/Fri/src/App.js","statementMap":{"0":{"start":{"line":13,"column":40},"end":{"line":13,"column":54}},"1":{"start":{"line":14,"column":40},"end":{"line":14,"column":55}},"2":{"start":{"line":15,"column":36},"end":{"line":15,"column":51}},"3":{"start":{"line":16,"column":40},"end":{"line":20,"column":4}},"4":{"start":{"line":30,"column":6},"end":{"line":30,"column":23}},"5":{"start":{"line":33,"column":2},"end":{"line":39,"column":22}},"6":{"start":{"line":34,"column":23},"end":{"line":34,"column":38}},"7":{"start":{"line":35,"column":4},"end":{"line":38,"column":5}},"8":{"start":{"line":36,"column":6},"end":{"line":36,"column":33}},"9":{"start":{"line":37,"column":6},"end":{"line":37,"column":27}},"10":{"start":{"line":42,"column":19},"end":{"line":73,"column":63}},"11":{"start":{"line":43,"column":4},"end":{"line":43,"column":26}},"12":{"start":{"line":43,"column":19},"end":{"line":43,"column":26}},"13":{"start":{"line":45,"column":4},"end":{"line":45,"column":23}},"14":{"start":{"line":48,"column":4},"end":{"line":50,"column":5}},"15":{"start":{"line":49,"column":6},"end":{"line":49,"column":35}},"16":{"start":{"line":52,"column":4},"end":{"line":72,"column":5}},"17":{"start":{"line":54,"column":6},"end":{"line":54,"column":62}},"18":{"start":{"line":54,"column":35},"end":{"line":54,"column":60}},"19":{"start":{"line":56,"column":22},"end":{"line":56,"column":37}},"20":{"start":{"line":57,"column":6},"end":{"line":57,"column":30}},"21":{"start":{"line":58,"column":6},"end":{"line":58,"column":27}},"22":{"start":{"line":61,"column":6},"end":{"line":61,"column":32}},"23":{"start":{"line":64,"column":6},"end":{"line":66,"column":7}},"24":{"start":{"line":65,"column":8},"end":{"line":65,"column":50}},"25":{"start":{"line":65,"column":25},"end":{"line":65,"column":43}},"26":{"start":{"line":69,"column":6},"end":{"line":69,"column":40}},"27":{"start":{"line":71,"column":6},"end":{"line":71,"column":26}},"28":{"start":{"line":76,"column":20},"end":{"line":80,"column":8}},"29":{"start":{"line":77,"column":4},"end":{"line":77,"column":25}},"30":{"start":{"line":78,"column":4},"end":{"line":78,"column":26}},"31":{"start":{"line":79,"column":4},"end":{"line":79,"column":24}},"32":{"start":{"line":83,"column":22},"end":{"line":95,"column":31}},"33":{"start":{"line":84,"column":4},"end":{"line":92,"column":5}},"34":{"start":{"line":85,"column":26},"end":{"line":89,"column":7}},"35":{"start":{"line":91,"column":6},"end":{"line":91,"column":31}},"36":{"start":{"line":91,"column":24},"end":{"line":91,"column":31}},"37":{"start":{"line":94,"column":4},"end":{"line":94,"column":21}},"38":{"start":{"line":98,"column":29},"end":{"line":112,"column":31}},"39":{"start":{"line":99,"column":25},"end":{"line":102,"column":5}},"40":{"start":{"line":104,"column":4},"end":{"line":111,"column":5}},"41":{"start":{"line":105,"column":6},"end":{"line":105,"column":21}},"42":{"start":{"line":107,"column":27},"end":{"line":107,"column":61}},"43":{"start":{"line":108,"column":6},"end":{"line":110,"column":7}},"44":{"start":{"line":109,"column":8},"end":{"line":109,"column":20}},"45":{"start":{"line":115,"column":25},"end":{"line":117,"column":22}},"46":{"start":{"line":116,"column":4},"end":{"line":116,"column":58}},"47":{"start":{"line":116,"column":28},"end":{"line":116,"column":55}},"48":{"start":{"line":120,"column":2},"end":{"line":139,"column":65}},"49":{"start":{"line":121,"column":27},"end":{"line":135,"column":5}},"50":{"start":{"line":123,"column":6},"end":{"line":134,"column":7}},"51":{"start":{"line":124,"column":8},"end":{"line":124,"column":20}},"52":{"start":{"line":127,"column":11},"end":{"line":134,"column":7}},"53":{"start":{"line":128,"column":8},"end":{"line":128,"column":31}},"54":{"start":{"line":129,"column":8},"end":{"line":133,"column":9}},"55":{"start":{"line":130,"column":10},"end":{"line":130,"column":24}},"56":{"start":{"line":132,"column":10},"end":{"line":132,"column":21}},"57":{"start":{"line":137,"column":4},"end":{"line":137,"column":55}},"58":{"start":{"line":138,"column":4},"end":{"line":138,"column":71}},"59":{"start":{"line":138,"column":17},"end":{"line":138,"column":70}},"60":{"start":{"line":142,"column":19},"end":{"line":149,"column":3}},"61":{"start":{"line":152,"column":18},"end":{"line":157,"column":3}},"62":{"start":{"line":159,"column":2},"end":{"line":178,"column":4}}},"fnMap":{"0":{"name":"App","decl":{"start":{"line":12,"column":9},"end":{"line":12,"column":12}},"loc":{"start":{"line":12,"column":15},"end":{"line":179,"column":1}},"line":12},"1":{"name":"(anonymous_1)","decl":{"start":{"line":33,"column":12},"end":{"line":33,"column":13}},"loc":{"start":{"line":33,"column":18},"end":{"line":39,"column":3}},"line":33},"2":{"name":"(anonymous_2)","decl":{"start":{"line":42,"column":31},"end":{"line":42,"column":32}},"loc":{"start":{"line":42,"column":43},"end":{"line":73,"column":3}},"line":42},"3":{"name":"(anonymous_3)","decl":{"start":{"line":54,"column":24},"end":{"line":54,"column":25}},"loc":{"start":{"line":54,"column":35},"end":{"line":54,"column":60}},"line":54},"4":{"name":"(anonymous_4)","decl":{"start":{"line":65,"column":19},"end":{"line":65,"column":20}},"loc":{"start":{"line":65,"column":25},"end":{"line":65,"column":43}},"line":65},"5":{"name":"(anonymous_5)","decl":{"start":{"line":76,"column":32},"end":{"line":76,"column":33}},"loc":{"start":{"line":76,"column":38},"end":{"line":80,"column":3}},"line":76},"6":{"name":"(anonymous_6)","decl":{"start":{"line":83,"column":34},"end":{"line":83,"column":35}},"loc":{"start":{"line":83,"column":46},"end":{"line":95,"column":3}},"line":83},"7":{"name":"(anonymous_7)","decl":{"start":{"line":98,"column":41},"end":{"line":98,"column":42}},"loc":{"start":{"line":98,"column":47},"end":{"line":112,"column":3}},"line":98},"8":{"name":"(anonymous_8)","decl":{"start":{"line":115,"column":37},"end":{"line":115,"column":38}},"loc":{"start":{"line":115,"column":54},"end":{"line":117,"column":3}},"line":115},"9":{"name":"(anonymous_9)","decl":{"start":{"line":116,"column":19},"end":{"line":116,"column":20}},"loc":{"start":{"line":116,"column":28},"end":{"line":116,"column":55}},"line":116},"10":{"name":"(anonymous_10)","decl":{"start":{"line":120,"column":12},"end":{"line":120,"column":13}},"loc":{"start":{"line":120,"column":18},"end":{"line":139,"column":3}},"line":120},"11":{"name":"(anonymous_11)","decl":{"start":{"line":121,"column":27},"end":{"line":121,"column":28}},"loc":{"start":{"line":121,"column":38},"end":{"line":135,"column":5}},"line":121},"12":{"name":"(anonymous_12)","decl":{"start":{"line":138,"column":11},"end":{"line":138,"column":12}},"loc":{"start":{"line":138,"column":17},"end":{"line":138,"column":70}},"line":138}},"branchMap":{"0":{"loc":{"start":{"line":35,"column":4},"end":{"line":38,"column":5}},"type":"if","locations":[{"start":{"line":35,"column":4},"end":{"line":38,"column":5}},{"start":{},"end":{}}],"line":35},"1":{"loc":{"start":{"line":43,"column":4},"end":{"line":43,"column":26}},"type":"if","locations":[{"start":{"line":43,"column":4},"end":{"line":43,"column":26}},{"start":{},"end":{}}],"line":43},"2":{"loc":{"start":{"line":48,"column":4},"end":{"line":50,"column":5}},"type":"if","locations":[{"start":{"line":48,"column":4},"end":{"line":50,"column":5}},{"start":{},"end":{}}],"line":48},"3":{"loc":{"start":{"line":64,"column":6},"end":{"line":66,"column":7}},"type":"if","locations":[{"start":{"line":64,"column":6},"end":{"line":66,"column":7}},{"start":{},"end":{}}],"line":64},"4":{"loc":{"start":{"line":84,"column":4},"end":{"line":92,"column":5}},"type":"if","locations":[{"start":{"line":84,"column":4},"end":{"line":92,"column":5}},{"start":{},"end":{}}],"line":84},"5":{"loc":{"start":{"line":91,"column":6},"end":{"line":91,"column":31}},"type":"if","locations":[{"start":{"line":91,"column":6},"end":{"line":91,"column":31}},{"start":{},"end":{}}],"line":91},"6":{"loc":{"start":{"line":104,"column":4},"end":{"line":111,"column":5}},"type":"if","locations":[{"start":{"line":104,"column":4},"end":{"line":111,"column":5}},{"start":{},"end":{}}],"line":104},"7":{"loc":{"start":{"line":108,"column":6},"end":{"line":110,"column":7}},"type":"if","locations":[{"start":{"line":108,"column":6},"end":{"line":110,"column":7}},{"start":{},"end":{}}],"line":108},"8":{"loc":{"start":{"line":123,"column":6},"end":{"line":134,"column":7}},"type":"if","locations":[{"start":{"line":123,"column":6},"end":{"line":134,"column":7}},{"start":{"line":127,"column":11},"end":{"line":134,"column":7}}],"line":123},"9":{"loc":{"start":{"line":127,"column":11},"end":{"line":134,"column":7}},"type":"if","locations":[{"start":{"line":127,"column":11},"end":{"line":134,"column":7}},{"start":{},"end":{}}],"line":127},"10":{"loc":{"start":{"line":127,"column":15},"end":{"line":127,"column":46}},"type":"binary-expr","locations":[{"start":{"line":127,"column":15},"end":{"line":127,"column":32}},{"start":{"line":127,"column":36},"end":{"line":127,"column":46}}],"line":127},"11":{"loc":{"start":{"line":129,"column":8},"end":{"line":133,"column":9}},"type":"if","locations":[{"start":{"line":129,"column":8},"end":{"line":133,"column":9}},{"start":{"line":131,"column":15},"end":{"line":133,"column":9}}],"line":129},"12":{"loc":{"start":{"line":153,"column":14},"end":{"line":153,"column":50}},"type":"cond-expr","locations":[{"start":{"line":153,"column":28},"end":{"line":153,"column":39}},{"start":{"line":153,"column":42},"end":{"line":153,"column":50}}],"line":153}},"s":{"0":0,"1":0,"2":0,"3":0,"4":0,"5":0,"6":0,"7":0,"8":0,"9":0,"10":0,"11":0,"12":0,"13":0,"14":0,"15":0,"16":0,"17":0,"18":0,"19":0,"20":0,"21":0,"22":0,"23":0,"24":0,"25":0,"26":0,"27":0,"28":0,"29":0,"30":0,"31":0,"32":0,"33":0,"34":0,"35":0,"36":0,"37":0,"38":0,"39":0,"40":0,"41":0,"42":0,"43":0,"44":0,"45":0,"46":0,"47":0,"48":0,"49":0,"50":0,"51":0,"52":0,"53":0,"54":0,"55":0,"56":0,"57":0,"58":0,"59":0,"60":0,"61":0,"62":0},"f":{"0":0,"1":0,"2":0,"3":0,"4":0,"5":0,"6":0,"7":0,"8":0,"9":0,"10":0,"11":0,"12":0},"b":{"0":[0,0],"1":[0,0],"2":[0,0],"3":[0,0],"4":[0,0],"5":[0,0],"6":[0,0],"7":[0,0],"8":[0,0],"9":[0,0],"10":[0,0],"11":[0,0],"12":[0,0]}}
,"/Users/aicec/_Book_Claude-Code/week1/Fri/src/index.js": {"path":"/Users/aicec/_Book_Claude-Code/week1/Fri/src/index.js","statementMap":{"0":{"start":{"line":6,"column":13},"end":{"line":6,"column":65}},"1":{"start":{"line":7,"column":0},"end":{"line":11,"column":2}}},"fnMap":{},"branchMap":{},"s":{"0":0,"1":0},"f":{},"b":{}}
,"/Users/aicec/_Book_Claude-Code/week1/Fri/src/components/Footer/Footer.js": {"path":"/Users/aicec/_Book_Claude-Code/week1/Fri/src/components/Footer/Footer.js","statementMap":{"0":{"start":{"line":4,"column":15},"end":{"line":29,"column":1}},"1":{"start":{"line":5,"column":2},"end":{"line":28,"column":4}}},"fnMap":{"0":{"name":"(anonymous_0)","decl":{"start":{"line":4,"column":15},"end":{"line":4,"column":16}},"loc":{"start":{"line":4,"column":21},"end":{"line":29,"column":1}},"line":4}},"branchMap":{},"s":{"0":0,"1":0},"f":{"0":0},"b":{}}
,"/Users/aicec/_Book_Claude-Code/week1/Fri/src/components/Header/Header.js": {"path":"/Users/aicec/_Book_Claude-Code/week1/Fri/src/components/Header/Header.js","statementMap":{"0":{"start":{"line":4,"column":15},"end":{"line":31,"column":1}},"1":{"start":{"line":5,"column":16},"end":{"line":5,"column":26}},"2":{"start":{"line":6,"column":21},"end":{"line":13,"column":3}},"3":{"start":{"line":7,"column":4},"end":{"line":12,"column":7}},"4":{"start":{"line":15,"column":2},"end":{"line":30,"column":4}}},"fnMap":{"0":{"name":"(anonymous_0)","decl":{"start":{"line":4,"column":15},"end":{"line":4,"column":16}},"loc":{"start":{"line":4,"column":21},"end":{"line":31,"column":1}},"line":4},"1":{"name":"(anonymous_1)","decl":{"start":{"line":6,"column":21},"end":{"line":6,"column":22}},"loc":{"start":{"line":6,"column":31},"end":{"line":13,"column":3}},"line":6}},"branchMap":{},"s":{"0":0,"1":0,"2":0,"3":0,"4":0},"f":{"0":0,"1":0},"b":{}}
,"/Users/aicec/_Book_Claude-Code/week1/Fri/src/components/History/History.js": {"path":"/Users/aicec/_Book_Claude-Code/week1/Fri/src/components/History/History.js","statementMap":{"0":{"start":{"line":5,"column":16},"end":{"line":65,"column":1}},"1":{"start":{"line":6,"column":38},"end":{"line":6,"column":53}},"2":{"start":{"line":8,"column":2},"end":{"line":8,"column":40}},"3":{"start":{"line":8,"column":28},"end":{"line":8,"column":40}},"4":{"start":{"line":10,"column":2},"end":{"line":64,"column":4}},"5":{"start":{"line":20,"column":25},"end":{"line":20,"column":51}},"6":{"start":{"line":30,"column":14},"end":{"line":34,"column":16}}},"fnMap":{"0":{"name":"(anonymous_0)","decl":{"start":{"line":5,"column":16},"end":{"line":5,"column":17}},"loc":{"start":{"line":5,"column":56},"end":{"line":65,"column":1}},"line":5},"1":{"name":"(anonymous_1)","decl":{"start":{"line":20,"column":19},"end":{"line":20,"column":20}},"loc":{"start":{"line":20,"column":25},"end":{"line":20,"column":51}},"line":20},"2":{"name":"(anonymous_2)","decl":{"start":{"line":29,"column":25},"end":{"line":29,"column":26}},"loc":{"start":{"line":30,"column":14},"end":{"line":34,"column":16}},"line":30}},"branchMap":{"0":{"loc":{"start":{"line":8,"column":2},"end":{"line":8,"column":40}},"type":"if","locations":[{"start":{"line":8,"column":2},"end":{"line":8,"column":40}},{"start":{},"end":{}}],"line":8},"1":{"loc":{"start":{"line":22,"column":11},"end":{"line":22,"column":40}},"type":"cond-expr","locations":[{"start":{"line":22,"column":24},"end":{"line":22,"column":30}},{"start":{"line":22,"column":33},"end":{"line":22,"column":40}}],"line":22},"2":{"loc":{"start":{"line":26,"column":7},"end":{"line":62,"column":7}},"type":"binary-expr","locations":[{"start":{"line":26,"column":7},"end":{"line":26,"column":17}},{"start":{"line":27,"column":8},"end":{"line":61,"column":14}}],"line":26}},"s":{"0":0,"1":0,"2":0,"3":0,"4":0,"5":0,"6":0},"f":{"0":0,"1":0,"2":0},"b":{"0":[0,0],"1":[0,0],"2":[0,0]}}
,"/Users/aicec/_Book_Claude-Code/week1/Fri/src/components/History/HistoryItem.js": {"path":"/Users/aicec/_Book_Claude-Code/week1/Fri/src/components/History/HistoryItem.js","statementMap":{"0":{"start":{"line":4,"column":20},"end":{"line":38,"column":1}},"1":{"start":{"line":5,"column":21},"end":{"line":13,"column":3}},"2":{"start":{"line":6,"column":17},"end":{"line":6,"column":36}},"3":{"start":{"line":7,"column":4},"end":{"line":12,"column":7}},"4":{"start":{"line":15,"column":18},"end":{"line":15,"column":64}},"5":{"start":{"line":17,"column":2},"end":{"line":37,"column":4}}},"fnMap":{"0":{"name":"(anonymous_0)","decl":{"start":{"line":4,"column":20},"end":{"line":4,"column":21}},"loc":{"start":{"line":4,"column":41},"end":{"line":38,"column":1}},"line":4},"1":{"name":"(anonymous_1)","decl":{"start":{"line":5,"column":21},"end":{"line":5,"column":22}},"loc":{"start":{"line":5,"column":36},"end":{"line":13,"column":3}},"line":5}},"branchMap":{"0":{"loc":{"start":{"line":15,"column":18},"end":{"line":15,"column":64}},"type":"cond-expr","locations":[{"start":{"line":15,"column":36},"end":{"line":15,"column":49}},{"start":{"line":15,"column":52},"end":{"line":15,"column":64}}],"line":15},"1":{"loc":{"start":{"line":18,"column":36},"end":{"line":18,"column":63}},"type":"cond-expr","locations":[{"start":{"line":18,"column":50},"end":{"line":18,"column":58}},{"start":{"line":18,"column":61},"end":{"line":18,"column":63}}],"line":18},"2":{"loc":{"start":{"line":25,"column":15},"end":{"line":25,"column":75}},"type":"binary-expr","locations":[{"start":{"line":25,"column":15},"end":{"line":25,"column":30}},{"start":{"line":25,"column":34},"end":{"line":25,"column":75}}],"line":25},"3":{"loc":{"start":{"line":30,"column":9},"end":{"line":30,"column":64}},"type":"binary-expr","locations":[{"start":{"line":30,"column":9},"end":{"line":30,"column":20}},{"start":{"line":30,"column":24},"end":{"line":30,"column":64}}],"line":30}},"s":{"0":0,"1":0,"2":0,"3":0,"4":0,"5":0},"f":{"0":0,"1":0},"b":{"0":[0,0],"1":[0,0],"2":[0,0],"3":[0,0]}}
,"/Users/aicec/_Book_Claude-Code/week1/Fri/src/components/TarotSection/ActionButtons.js": {"path":"/Users/aicec/_Book_Claude-Code/week1/Fri/src/components/TarotSection/ActionButtons.js","statementMap":{"0":{"start":{"line":4,"column":22},"end":{"line":28,"column":1}},"1":{"start":{"line":5,"column":2},"end":{"line":27,"column":4}}},"fnMap":{"0":{"name":"(anonymous_0)","decl":{"start":{"line":4,"column":22},"end":{"line":4,"column":23}},"loc":{"start":{"line":4,"column":78},"end":{"line":28,"column":1}},"line":4}},"branchMap":{"0":{"loc":{"start":{"line":16,"column":42},"end":{"line":16,"column":69}},"type":"cond-expr","locations":[{"start":{"line":16,"column":54},"end":{"line":16,"column":64}},{"start":{"line":16,"column":67},"end":{"line":16,"column":69}}],"line":16},"1":{"loc":{"start":{"line":19,"column":15},"end":{"line":19,"column":54}},"type":"cond-expr","locations":[{"start":{"line":19,"column":27},"end":{"line":19,"column":40}},{"start":{"line":19,"column":43},"end":{"line":19,"column":54}}],"line":19},"2":{"loc":{"start":{"line":23,"column":11},"end":{"line":23,"column":42}},"type":"cond-expr","locations":[{"start":{"line":23,"column":23},"end":{"line":23,"column":32}},{"start":{"line":23,"column":35},"end":{"line":23,"column":42}}],"line":23}},"s":{"0":0,"1":0},"f":{"0":0},"b":{"0":[0,0],"1":[0,0],"2":[0,0]}}
,"/Users/aicec/_Book_Claude-Code/week1/Fri/src/components/TarotSection/CardDeck.js": {"path":"/Users/aicec/_Book_Claude-Code/week1/Fri/src/components/TarotSection/CardDeck.js","statementMap":{"0":{"start":{"line":4,"column":17},"end":{"line":54,"column":1}},"1":{"start":{"line":5,"column":26},"end":{"line":8,"column":3}},"2":{"start":{"line":6,"column":4},"end":{"line":6,"column":43}},"3":{"start":{"line":6,"column":36},"end":{"line":6,"column":43}},"4":{"start":{"line":7,"column":4},"end":{"line":7,"column":17}},"5":{"start":{"line":10,"column":2},"end":{"line":53,"column":4}},"6":{"start":{"line":19,"column":10},"end":{"line":37,"column":16}}},"fnMap":{"0":{"name":"(anonymous_0)","decl":{"start":{"line":4,"column":17},"end":{"line":4,"column":18}},"loc":{"start":{"line":4,"column":63},"end":{"line":54,"column":1}},"line":4},"1":{"name":"(anonymous_1)","decl":{"start":{"line":5,"column":26},"end":{"line":5,"column":27}},"loc":{"start":{"line":5,"column":32},"end":{"line":8,"column":3}},"line":5},"2":{"name":"(anonymous_2)","decl":{"start":{"line":18,"column":27},"end":{"line":18,"column":28}},"loc":{"start":{"line":19,"column":10},"end":{"line":37,"column":16}},"line":19}},"branchMap":{"0":{"loc":{"start":{"line":6,"column":4},"end":{"line":6,"column":43}},"type":"if","locations":[{"start":{"line":6,"column":4},"end":{"line":6,"column":43}},{"start":{},"end":{}}],"line":6},"1":{"loc":{"start":{"line":6,"column":8},"end":{"line":6,"column":34}},"type":"binary-expr","locations":[{"start":{"line":6,"column":8},"end":{"line":6,"column":21}},{"start":{"line":6,"column":25},"end":{"line":6,"column":34}}],"line":6},"2":{"loc":{"start":{"line":21,"column":37},"end":{"line":21,"column":65}},"type":"cond-expr","locations":[{"start":{"line":21,"column":49},"end":{"line":21,"column":60}},{"start":{"line":21,"column":63},"end":{"line":21,"column":65}}],"line":21},"3":{"loc":{"start":{"line":22,"column":14},"end":{"line":22,"column":45}},"type":"cond-expr","locations":[{"start":{"line":22,"column":30},"end":{"line":22,"column":40}},{"start":{"line":22,"column":43},"end":{"line":22,"column":45}}],"line":22},"4":{"loc":{"start":{"line":41,"column":7},"end":{"line":45,"column":7}},"type":"binary-expr","locations":[{"start":{"line":41,"column":7},"end":{"line":41,"column":21}},{"start":{"line":42,"column":8},"end":{"line":44,"column":14}}],"line":41},"5":{"loc":{"start":{"line":47,"column":7},"end":{"line":51,"column":7}},"type":"binary-expr","locations":[{"start":{"line":47,"column":7},"end":{"line":47,"column":16}},{"start":{"line":48,"column":8},"end":{"line":50,"column":14}}],"line":47}},"s":{"0":0,"1":0,"2":0,"3":0,"4":0,"5":0,"6":0},"f":{"0":0,"1":0,"2":0},"b":{"0":[0,0],"1":[0,0],"2":[0,0],"3":[0,0],"4":[0,0],"5":[0,0]}}
,"/Users/aicec/_Book_Claude-Code/week1/Fri/src/components/TarotSection/CardMeaning.js": {"path":"/Users/aicec/_Book_Claude-Code/week1/Fri/src/components/TarotSection/CardMeaning.js","statementMap":{"0":{"start":{"line":4,"column":20},"end":{"line":46,"column":1}},"1":{"start":{"line":5,"column":2},"end":{"line":5,"column":25}},"2":{"start":{"line":5,"column":13},"end":{"line":5,"column":25}},"3":{"start":{"line":7,"column":18},"end":{"line":7,"column":64}},"4":{"start":{"line":9,"column":2},"end":{"line":45,"column":4}}},"fnMap":{"0":{"name":"(anonymous_0)","decl":{"start":{"line":4,"column":20},"end":{"line":4,"column":21}},"loc":{"start":{"line":4,"column":34},"end":{"line":46,"column":1}},"line":4}},"branchMap":{"0":{"loc":{"start":{"line":5,"column":2},"end":{"line":5,"column":25}},"type":"if","locations":[{"start":{"line":5,"column":2},"end":{"line":5,"column":25}},{"start":{},"end":{}}],"line":5},"1":{"loc":{"start":{"line":7,"column":18},"end":{"line":7,"column":64}},"type":"cond-expr","locations":[{"start":{"line":7,"column":36},"end":{"line":7,"column":49}},{"start":{"line":7,"column":52},"end":{"line":7,"column":64}}],"line":7},"2":{"loc":{"start":{"line":13,"column":11},"end":{"line":13,"column":54}},"type":"cond-expr","locations":[{"start":{"line":13,"column":29},"end":{"line":13,"column":40}},{"start":{"line":13,"column":43},"end":{"line":13,"column":54}}],"line":13},"3":{"loc":{"start":{"line":31,"column":13},"end":{"line":33,"column":56}},"type":"cond-expr","locations":[{"start":{"line":32,"column":16},"end":{"line":32,"column":50}},{"start":{"line":33,"column":16},"end":{"line":33,"column":56}}],"line":31}},"s":{"0":0,"1":0,"2":0,"3":0,"4":0},"f":{"0":0},"b":{"0":[0,0],"1":[0,0],"2":[0,0],"3":[0,0]}}
,"/Users/aicec/_Book_Claude-Code/week1/Fri/src/components/TarotSection/DrawnCard.js": {"path":"/Users/aicec/_Book_Claude-Code/week1/Fri/src/components/TarotSection/DrawnCard.js","statementMap":{"0":{"start":{"line":4,"column":18},"end":{"line":57,"column":1}},"1":{"start":{"line":5,"column":36},"end":{"line":5,"column":51}},"2":{"start":{"line":7,"column":2},"end":{"line":14,"column":13}},"3":{"start":{"line":9,"column":18},"end":{"line":11,"column":11}},"4":{"start":{"line":10,"column":6},"end":{"line":10,"column":25}},"5":{"start":{"line":13,"column":4},"end":{"line":13,"column":37}},"6":{"start":{"line":13,"column":17},"end":{"line":13,"column":36}},"7":{"start":{"line":16,"column":2},"end":{"line":16,"column":25}},"8":{"start":{"line":16,"column":13},"end":{"line":16,"column":25}},"9":{"start":{"line":18,"column":2},"end":{"line":56,"column":4}}},"fnMap":{"0":{"name":"(anonymous_0)","decl":{"start":{"line":4,"column":18},"end":{"line":4,"column":19}},"loc":{"start":{"line":4,"column":32},"end":{"line":57,"column":1}},"line":4},"1":{"name":"(anonymous_1)","decl":{"start":{"line":7,"column":12},"end":{"line":7,"column":13}},"loc":{"start":{"line":7,"column":18},"end":{"line":14,"column":3}},"line":7},"2":{"name":"(anonymous_2)","decl":{"start":{"line":9,"column":29},"end":{"line":9,"column":30}},"loc":{"start":{"line":9,"column":35},"end":{"line":11,"column":5}},"line":9},"3":{"name":"(anonymous_3)","decl":{"start":{"line":13,"column":11},"end":{"line":13,"column":12}},"loc":{"start":{"line":13,"column":17},"end":{"line":13,"column":36}},"line":13}},"branchMap":{"0":{"loc":{"start":{"line":16,"column":2},"end":{"line":16,"column":25}},"type":"if","locations":[{"start":{"line":16,"column":2},"end":{"line":16,"column":25}},{"start":{},"end":{}}],"line":16},"1":{"loc":{"start":{"line":24,"column":36},"end":{"line":24,"column":62}},"type":"cond-expr","locations":[{"start":{"line":24,"column":48},"end":{"line":24,"column":57}},{"start":{"line":24,"column":60},"end":{"line":24,"column":62}}],"line":24},"2":{"loc":{"start":{"line":37,"column":48},"end":{"line":37,"column":88}},"type":"cond-expr","locations":[{"start":{"line":37,"column":66},"end":{"line":37,"column":76}},{"start":{"line":37,"column":79},"end":{"line":37,"column":88}}],"line":37},"3":{"loc":{"start":{"line":43,"column":19},"end":{"line":43,"column":66}},"type":"cond-expr","locations":[{"start":{"line":43,"column":43},"end":{"line":43,"column":53}},{"start":{"line":43,"column":56},"end":{"line":43,"column":66}}],"line":43},"4":{"loc":{"start":{"line":45,"column":17},"end":{"line":49,"column":17}},"type":"binary-expr","locations":[{"start":{"line":45,"column":17},"end":{"line":45,"column":32}},{"start":{"line":46,"column":18},"end":{"line":48,"column":24}}],"line":45}},"s":{"0":0,"1":0,"2":0,"3":0,"4":0,"5":0,"6":0,"7":0,"8":0,"9":0},"f":{"0":0,"1":0,"2":0,"3":0},"b":{"0":[0,0],"1":[0,0],"2":[0,0],"3":[0,0],"4":[0,0]}}
,"/Users/aicec/_Book_Claude-Code/week1/Fri/src/components/TarotSection/TarotSection.js": {"path":"/Users/aicec/_Book_Claude-Code/week1/Fri/src/components/TarotSection/TarotSection.js","statementMap":{"0":{"start":{"line":8,"column":21},"end":{"line":48,"column":1}},"1":{"start":{"line":16,"column":2},"end":{"line":47,"column":4}}},"fnMap":{"0":{"name":"(anonymous_0)","decl":{"start":{"line":8,"column":21},"end":{"line":8,"column":22}},"loc":{"start":{"line":15,"column":6},"end":{"line":48,"column":1}},"line":15}},"branchMap":{"0":{"loc":{"start":{"line":19,"column":9},"end":{"line":44,"column":9}},"type":"cond-expr","locations":[{"start":{"line":20,"column":10},"end":{"line":32,"column":16}},{"start":{"line":34,"column":10},"end":{"line":43,"column":16}}],"line":19},"1":{"loc":{"start":{"line":26,"column":13},"end":{"line":31,"column":13}},"type":"binary-expr","locations":[{"start":{"line":26,"column":13},"end":{"line":26,"column":26}},{"start":{"line":27,"column":14},"end":{"line":30,"column":20}}],"line":26}},"s":{"0":0,"1":0},"f":{"0":0},"b":{"0":[0,0],"1":[0,0]}}
,"/Users/aicec/_Book_Claude-Code/week1/Fri/src/data/tarotCards.js": {"path":"/Users/aicec/_Book_Claude-Code/week1/Fri/src/data/tarotCards.js","statementMap":{"0":{"start":{"line":1,"column":26},"end":{"line":247,"column":1}},"1":{"start":{"line":249,"column":29},"end":{"line":257,"column":1}},"2":{"start":{"line":250,"column":22},"end":{"line":250,"column":67}},"3":{"start":{"line":251,"column":21},"end":{"line":251,"column":40}},"4":{"start":{"line":252,"column":2},"end":{"line":256,"column":4}}},"fnMap":{"0":{"name":"(anonymous_0)","decl":{"start":{"line":249,"column":29},"end":{"line":249,"column":30}},"loc":{"start":{"line":249,"column":35},"end":{"line":257,"column":1}},"line":249}},"branchMap":{},"s":{"0":0,"1":0,"2":0,"3":0,"4":0},"f":{"0":0},"b":{}}
,"/Users/aicec/_Book_Claude-Code/week1/Fri/src/hooks/useLocalStorage.js": {"path":"/Users/aicec/_Book_Claude-Code/week1/Fri/src/hooks/useLocalStorage.js","statementMap":{"0":{"start":{"line":3,"column":31},"end":{"line":50,"column":1}},"1":{"start":{"line":5,"column":40},"end":{"line":13,"column":4}},"2":{"start":{"line":6,"column":4},"end":{"line":12,"column":5}},"3":{"start":{"line":7,"column":19},"end":{"line":7,"column":51}},"4":{"start":{"line":8,"column":6},"end":{"line":8,"column":52}},"5":{"start":{"line":10,"column":6},"end":{"line":10,"column":59}},"6":{"start":{"line":11,"column":6},"end":{"line":11,"column":26}},"7":{"start":{"line":16,"column":19},"end":{"line":31,"column":24}},"8":{"start":{"line":17,"column":4},"end":{"line":30,"column":5}},"9":{"start":{"line":19,"column":27},"end":{"line":19,"column":81}},"10":{"start":{"line":20,"column":6},"end":{"line":20,"column":35}},"11":{"start":{"line":23,"column":6},"end":{"line":27,"column":7}},"12":{"start":{"line":24,"column":8},"end":{"line":24,"column":44}},"13":{"start":{"line":26,"column":8},"end":{"line":26,"column":71}},"14":{"start":{"line":29,"column":6},"end":{"line":29,"column":59}},"15":{"start":{"line":34,"column":2},"end":{"line":47,"column":12}},"16":{"start":{"line":35,"column":32},"end":{"line":43,"column":5}},"17":{"start":{"line":36,"column":6},"end":{"line":42,"column":7}},"18":{"start":{"line":37,"column":8},"end":{"line":41,"column":9}},"19":{"start":{"line":38,"column":10},"end":{"line":38,"column":49}},"20":{"start":{"line":40,"column":10},"end":{"line":40,"column":64}},"21":{"start":{"line":45,"column":4},"end":{"line":45,"column":60}},"22":{"start":{"line":46,"column":4},"end":{"line":46,"column":76}},"23":{"start":{"line":46,"column":17},"end":{"line":46,"column":75}},"24":{"start":{"line":49,"column":2},"end":{"line":49,"column":33}}},"fnMap":{"0":{"name":"(anonymous_0)","decl":{"start":{"line":3,"column":31},"end":{"line":3,"column":32}},"loc":{"start":{"line":3,"column":54},"end":{"line":50,"column":1}},"line":3},"1":{"name":"(anonymous_1)","decl":{"start":{"line":5,"column":49},"end":{"line":5,"column":50}},"loc":{"start":{"line":5,"column":55},"end":{"line":13,"column":3}},"line":5},"2":{"name":"(anonymous_2)","decl":{"start":{"line":16,"column":31},"end":{"line":16,"column":32}},"loc":{"start":{"line":16,"column":42},"end":{"line":31,"column":3}},"line":16},"3":{"name":"(anonymous_3)","decl":{"start":{"line":34,"column":12},"end":{"line":34,"column":13}},"loc":{"start":{"line":34,"column":18},"end":{"line":47,"column":3}},"line":34},"4":{"name":"(anonymous_4)","decl":{"start":{"line":35,"column":32},"end":{"line":35,"column":33}},"loc":{"start":{"line":35,"column":39},"end":{"line":43,"column":5}},"line":35},"5":{"name":"(anonymous_5)","decl":{"start":{"line":46,"column":11},"end":{"line":46,"column":12}},"loc":{"start":{"line":46,"column":17},"end":{"line":46,"column":75}},"line":46}},"branchMap":{"0":{"loc":{"start":{"line":8,"column":13},"end":{"line":8,"column":51}},"type":"cond-expr","locations":[{"start":{"line":8,"column":20},"end":{"line":8,"column":36}},{"start":{"line":8,"column":39},"end":{"line":8,"column":51}}],"line":8},"1":{"loc":{"start":{"line":19,"column":27},"end":{"line":19,"column":81}},"type":"cond-expr","locations":[{"start":{"line":19,"column":55},"end":{"line":19,"column":73}},{"start":{"line":19,"column":76},"end":{"line":19,"column":81}}],"line":19},"2":{"loc":{"start":{"line":23,"column":6},"end":{"line":27,"column":7}},"type":"if","locations":[{"start":{"line":23,"column":6},"end":{"line":27,"column":7}},{"start":{"line":25,"column":13},"end":{"line":27,"column":7}}],"line":23},"3":{"loc":{"start":{"line":36,"column":6},"end":{"line":42,"column":7}},"type":"if","locations":[{"start":{"line":36,"column":6},"end":{"line":42,"column":7}},{"start":{},"end":{}}],"line":36},"4":{"loc":{"start":{"line":36,"column":10},"end":{"line":36,"column":46}},"type":"binary-expr","locations":[{"start":{"line":36,"column":10},"end":{"line":36,"column":23}},{"start":{"line":36,"column":27},"end":{"line":36,"column":46}}],"line":36}},"s":{"0":0,"1":0,"2":0,"3":0,"4":0,"5":0,"6":0,"7":0,"8":0,"9":0,"10":0,"11":0,"12":0,"13":0,"14":0,"15":0,"16":0,"17":0,"18":0,"19":0,"20":0,"21":0,"22":0,"23":0,"24":0},"f":{"0":0,"1":0,"2":0,"3":0,"4":0,"5":0},"b":{"0":[0,0],"1":[0,0],"2":[0,0],"3":[0,0],"4":[0,0]}}
,"/Users/aicec/_Book_Claude-Code/week1/Fri/src/hooks/useTarotHistory.js": {"path":"/Users/aicec/_Book_Claude-Code/week1/Fri/src/hooks/useTarotHistory.js","statementMap":{"0":{"start":{"line":3,"column":20},"end":{"line":3,"column":34}},"1":{"start":{"line":4,"column":25},"end":{"line":4,"column":27}},"2":{"start":{"line":6,"column":31},"end":{"line":91,"column":1}},"3":{"start":{"line":7,"column":32},"end":{"line":7,"column":44}},"4":{"start":{"line":10,"column":2},"end":{"line":21,"column":9}},"5":{"start":{"line":11,"column":4},"end":{"line":20,"column":5}},"6":{"start":{"line":12,"column":27},"end":{"line":12,"column":60}},"7":{"start":{"line":13,"column":6},"end":{"line":16,"column":7}},"8":{"start":{"line":14,"column":30},"end":{"line":14,"column":54}},"9":{"start":{"line":15,"column":8},"end":{"line":15,"column":34}},"10":{"start":{"line":18,"column":6},"end":{"line":18,"column":42}},"11":{"start":{"line":19,"column":6},"end":{"line":19,"column":21}},"12":{"start":{"line":24,"column":22},"end":{"line":30,"column":8}},"13":{"start":{"line":25,"column":4},"end":{"line":29,"column":5}},"14":{"start":{"line":26,"column":6},"end":{"line":26,"column":68}},"15":{"start":{"line":28,"column":6},"end":{"line":28,"column":42}},"16":{"start":{"line":33,"column":27},"end":{"line":39,"column":19}},"17":{"start":{"line":34,"column":4},"end":{"line":38,"column":7}},"18":{"start":{"line":35,"column":25},"end":{"line":35,"column":74}},"19":{"start":{"line":36,"column":6},"end":{"line":36,"column":30}},"20":{"start":{"line":37,"column":6},"end":{"line":37,"column":24}},"21":{"start":{"line":42,"column":23},"end":{"line":49,"column":8}},"22":{"start":{"line":43,"column":4},"end":{"line":43,"column":19}},"23":{"start":{"line":44,"column":4},"end":{"line":48,"column":5}},"24":{"start":{"line":45,"column":6},"end":{"line":45,"column":43}},"25":{"start":{"line":47,"column":6},"end":{"line":47,"column":42}},"26":{"start":{"line":52,"column":24},"end":{"line":60,"column":15}},"27":{"start":{"line":53,"column":4},"end":{"line":53,"column":42}},"28":{"start":{"line":53,"column":30},"end":{"line":53,"column":42}},"29":{"start":{"line":55,"column":18},"end":{"line":55,"column":43}},"30":{"start":{"line":56,"column":21},"end":{"line":56,"column":31}},"31":{"start":{"line":57,"column":25},"end":{"line":57,"column":68}},"32":{"start":{"line":59,"column":4},"end":{"line":59,"column":52}},"33":{"start":{"line":63,"column":24},"end":{"line":65,"column":21}},"34":{"start":{"line":64,"column":4},"end":{"line":64,"column":36}},"35":{"start":{"line":68,"column":19},"end":{"line":81,"column":15}},"36":{"start":{"line":69,"column":23},"end":{"line":69,"column":37}},"37":{"start":{"line":70,"column":24},"end":{"line":70,"column":76}},"38":{"start":{"line":70,"column":47},"end":{"line":70,"column":68}},"39":{"start":{"line":71,"column":24},"end":{"line":71,"column":76}},"40":{"start":{"line":71,"column":47},"end":{"line":71,"column":68}},"41":{"start":{"line":72,"column":26},"end":{"line":72,"column":72}},"42":{"start":{"line":72,"column":49},"end":{"line":72,"column":64}},"43":{"start":{"line":74,"column":4},"end":{"line":80,"column":6}},"44":{"start":{"line":83,"column":2},"end":{"line":90,"column":4}}},"fnMap":{"0":{"name":"(anonymous_0)","decl":{"start":{"line":6,"column":31},"end":{"line":6,"column":32}},"loc":{"start":{"line":6,"column":37},"end":{"line":91,"column":1}},"line":6},"1":{"name":"(anonymous_1)","decl":{"start":{"line":10,"column":12},"end":{"line":10,"column":13}},"loc":{"start":{"line":10,"column":18},"end":{"line":21,"column":3}},"line":10},"2":{"name":"(anonymous_2)","decl":{"start":{"line":24,"column":34},"end":{"line":24,"column":35}},"loc":{"start":{"line":24,"column":50},"end":{"line":30,"column":3}},"line":24},"3":{"name":"(anonymous_3)","decl":{"start":{"line":33,"column":39},"end":{"line":33,"column":40}},"loc":{"start":{"line":33,"column":49},"end":{"line":39,"column":3}},"line":33},"4":{"name":"(anonymous_4)","decl":{"start":{"line":34,"column":15},"end":{"line":34,"column":16}},"loc":{"start":{"line":34,"column":30},"end":{"line":38,"column":5}},"line":34},"5":{"name":"(anonymous_5)","decl":{"start":{"line":42,"column":35},"end":{"line":42,"column":36}},"loc":{"start":{"line":42,"column":41},"end":{"line":49,"column":3}},"line":42},"6":{"name":"(anonymous_6)","decl":{"start":{"line":52,"column":36},"end":{"line":52,"column":37}},"loc":{"start":{"line":52,"column":42},"end":{"line":60,"column":3}},"line":52},"7":{"name":"(anonymous_7)","decl":{"start":{"line":63,"column":36},"end":{"line":63,"column":37}},"loc":{"start":{"line":63,"column":42},"end":{"line":65,"column":3}},"line":63},"8":{"name":"(anonymous_8)","decl":{"start":{"line":68,"column":31},"end":{"line":68,"column":32}},"loc":{"start":{"line":68,"column":37},"end":{"line":81,"column":3}},"line":68},"9":{"name":"(anonymous_9)","decl":{"start":{"line":70,"column":39},"end":{"line":70,"column":40}},"loc":{"start":{"line":70,"column":47},"end":{"line":70,"column":68}},"line":70},"10":{"name":"(anonymous_10)","decl":{"start":{"line":71,"column":39},"end":{"line":71,"column":40}},"loc":{"start":{"line":71,"column":47},"end":{"line":71,"column":68}},"line":71},"11":{"name":"(anonymous_11)","decl":{"start":{"line":72,"column":41},"end":{"line":72,"column":42}},"loc":{"start":{"line":72,"column":49},"end":{"line":72,"column":64}},"line":72}},"branchMap":{"0":{"loc":{"start":{"line":13,"column":6},"end":{"line":16,"column":7}},"type":"if","locations":[{"start":{"line":13,"column":6},"end":{"line":16,"column":7}},{"start":{},"end":{}}],"line":13},"1":{"loc":{"start":{"line":53,"column":4},"end":{"line":53,"column":42}},"type":"if","locations":[{"start":{"line":53,"column":4},"end":{"line":53,"column":42}},{"start":{},"end":{}}],"line":53},"2":{"loc":{"start":{"line":59,"column":11},"end":{"line":59,"column":51}},"type":"cond-expr","locations":[{"start":{"line":59,"column":36},"end":{"line":59,"column":44}},{"start":{"line":59,"column":47},"end":{"line":59,"column":51}}],"line":59},"3":{"loc":{"start":{"line":79,"column":26},"end":{"line":79,"column":94}},"type":"cond-expr","locations":[{"start":{"line":79,"column":43},"end":{"line":79,"column":90}},{"start":{"line":79,"column":93},"end":{"line":79,"column":94}}],"line":79}},"s":{"0":0,"1":0,"2":0,"3":0,"4":0,"5":0,"6":0,"7":0,"8":0,"9":0,"10":0,"11":0,"12":0,"13":0,"14":0,"15":0,"16":0,"17":0,"18":0,"19":0,"20":0,"21":0,"22":0,"23":0,"24":0,"25":0,"26":0,"27":0,"28":0,"29":0,"30":0,"31":0,"32":0,"33":0,"34":0,"35":0,"36":0,"37":0,"38":0,"39":0,"40":0,"41":0,"42":0,"43":0,"44":0},"f":{"0":0,"1":0,"2":0,"3":0,"4":0,"5":0,"6":0,"7":0,"8":0,"9":0,"10":0,"11":0},"b":{"0":[0,0],"1":[0,0],"2":[0,0],"3":[0,0]}}
,"/Users/aicec/_Book_Claude-Code/week1/Fri/src/utils/animationUtils.js": {"path":"/Users/aicec/_Book_Claude-Code/week1/Fri/src/utils/animationUtils.js","statementMap":{"0":{"start":{"line":9,"column":37},"end":{"line":17,"column":1}},"1":{"start":{"line":10,"column":2},"end":{"line":10,"column":23}},"2":{"start":{"line":10,"column":16},"end":{"line":10,"column":23}},"3":{"start":{"line":12,"column":2},"end":{"line":12,"column":40}},"4":{"start":{"line":14,"column":2},"end":{"line":16,"column":15}},"5":{"start":{"line":15,"column":4},"end":{"line":15,"column":45}},"6":{"start":{"line":25,"column":32},"end":{"line":27,"column":1}},"7":{"start":{"line":26,"column":2},"end":{"line":26,"column":37}},"8":{"start":{"line":35,"column":32},"end":{"line":41,"column":1}},"9":{"start":{"line":36,"column":2},"end":{"line":40,"column":5}},"10":{"start":{"line":37,"column":4},"end":{"line":39,"column":29}},"11":{"start":{"line":38,"column":6},"end":{"line":38,"column":44}},"12":{"start":{"line":48,"column":36},"end":{"line":74,"column":1}},"13":{"start":{"line":49,"column":2},"end":{"line":73,"column":5}},"14":{"start":{"line":50,"column":4},"end":{"line":53,"column":5}},"15":{"start":{"line":51,"column":6},"end":{"line":51,"column":16}},"16":{"start":{"line":52,"column":6},"end":{"line":52,"column":13}},"17":{"start":{"line":55,"column":27},"end":{"line":55,"column":46}},"18":{"start":{"line":56,"column":4},"end":{"line":56,"column":46}},"19":{"start":{"line":58,"column":31},"end":{"line":62,"column":5}},"20":{"start":{"line":59,"column":6},"end":{"line":59,"column":51}},"21":{"start":{"line":60,"column":6},"end":{"line":60,"column":74}},"22":{"start":{"line":61,"column":6},"end":{"line":61,"column":16}},"23":{"start":{"line":64,"column":4},"end":{"line":64,"column":69}},"24":{"start":{"line":67,"column":4},"end":{"line":72,"column":13}},"25":{"start":{"line":68,"column":6},"end":{"line":71,"column":7}},"26":{"start":{"line":69,"column":8},"end":{"line":69,"column":53}},"27":{"start":{"line":70,"column":8},"end":{"line":70,"column":18}},"28":{"start":{"line":81,"column":30},"end":{"line":91,"column":1}},"29":{"start":{"line":82,"column":2},"end":{"line":82,"column":29}},"30":{"start":{"line":82,"column":22},"end":{"line":82,"column":29}},"31":{"start":{"line":84,"column":25},"end":{"line":88,"column":3}},"32":{"start":{"line":90,"column":2},"end":{"line":90,"column":66}},"33":{"start":{"line":99,"column":32},"end":{"line":120,"column":1}},"34":{"start":{"line":100,"column":2},"end":{"line":103,"column":3}},"35":{"start":{"line":101,"column":4},"end":{"line":101,"column":15}},"36":{"start":{"line":102,"column":4},"end":{"line":102,"column":11}},"37":{"start":{"line":105,"column":25},"end":{"line":108,"column":3}},"38":{"start":{"line":110,"column":19},"end":{"line":117,"column":39}},"39":{"start":{"line":111,"column":4},"end":{"line":116,"column":7}},"40":{"start":{"line":112,"column":6},"end":{"line":115,"column":7}},"41":{"start":{"line":113,"column":8},"end":{"line":113,"column":19}},"42":{"start":{"line":114,"column":8},"end":{"line":114,"column":36}},"43":{"start":{"line":119,"column":2},"end":{"line":119,"column":28}},"44":{"start":{"line":127,"column":29},"end":{"line":136,"column":1}},"45":{"start":{"line":128,"column":2},"end":{"line":128,"column":23}},"46":{"start":{"line":128,"column":16},"end":{"line":128,"column":23}},"47":{"start":{"line":130,"column":23},"end":{"line":130,"column":39}},"48":{"start":{"line":131,"column":2},"end":{"line":131,"column":38}},"49":{"start":{"line":133,"column":2},"end":{"line":135,"column":15}},"50":{"start":{"line":134,"column":4},"end":{"line":134,"column":43}},"51":{"start":{"line":142,"column":29},"end":{"line":146,"column":1}},"52":{"start":{"line":143,"column":2},"end":{"line":145,"column":3}},"53":{"start":{"line":144,"column":4},"end":{"line":144,"column":31}}},"fnMap":{"0":{"name":"(anonymous_0)","decl":{"start":{"line":9,"column":37},"end":{"line":9,"column":38}},"loc":{"start":{"line":9,"column":83},"end":{"line":17,"column":1}},"line":9},"1":{"name":"(anonymous_1)","decl":{"start":{"line":14,"column":13},"end":{"line":14,"column":14}},"loc":{"start":{"line":14,"column":19},"end":{"line":16,"column":3}},"line":14},"2":{"name":"(anonymous_2)","decl":{"start":{"line":25,"column":32},"end":{"line":25,"column":33}},"loc":{"start":{"line":25,"column":59},"end":{"line":27,"column":1}},"line":25},"3":{"name":"(anonymous_3)","decl":{"start":{"line":35,"column":32},"end":{"line":35,"column":33}},"loc":{"start":{"line":35,"column":82},"end":{"line":41,"column":1}},"line":35},"4":{"name":"(anonymous_4)","decl":{"start":{"line":36,"column":19},"end":{"line":36,"column":20}},"loc":{"start":{"line":36,"column":39},"end":{"line":40,"column":3}},"line":36},"5":{"name":"(anonymous_5)","decl":{"start":{"line":37,"column":15},"end":{"line":37,"column":16}},"loc":{"start":{"line":37,"column":21},"end":{"line":39,"column":5}},"line":37},"6":{"name":"(anonymous_6)","decl":{"start":{"line":48,"column":36},"end":{"line":48,"column":37}},"loc":{"start":{"line":48,"column":53},"end":{"line":74,"column":1}},"line":48},"7":{"name":"(anonymous_7)","decl":{"start":{"line":49,"column":21},"end":{"line":49,"column":22}},"loc":{"start":{"line":49,"column":34},"end":{"line":73,"column":3}},"line":49},"8":{"name":"(anonymous_8)","decl":{"start":{"line":58,"column":31},"end":{"line":58,"column":32}},"loc":{"start":{"line":58,"column":37},"end":{"line":62,"column":5}},"line":58},"9":{"name":"(anonymous_9)","decl":{"start":{"line":67,"column":15},"end":{"line":67,"column":16}},"loc":{"start":{"line":67,"column":21},"end":{"line":72,"column":5}},"line":67},"10":{"name":"(anonymous_10)","decl":{"start":{"line":81,"column":30},"end":{"line":81,"column":31}},"loc":{"start":{"line":81,"column":63},"end":{"line":91,"column":1}},"line":81},"11":{"name":"(anonymous_11)","decl":{"start":{"line":99,"column":32},"end":{"line":99,"column":33}},"loc":{"start":{"line":99,"column":69},"end":{"line":120,"column":1}},"line":99},"12":{"name":"(anonymous_12)","decl":{"start":{"line":110,"column":44},"end":{"line":110,"column":45}},"loc":{"start":{"line":110,"column":57},"end":{"line":117,"column":3}},"line":110},"13":{"name":"(anonymous_13)","decl":{"start":{"line":111,"column":20},"end":{"line":111,"column":21}},"loc":{"start":{"line":111,"column":29},"end":{"line":116,"column":5}},"line":111},"14":{"name":"(anonymous_14)","decl":{"start":{"line":127,"column":29},"end":{"line":127,"column":30}},"loc":{"start":{"line":127,"column":59},"end":{"line":136,"column":1}},"line":127},"15":{"name":"(anonymous_15)","decl":{"start":{"line":133,"column":13},"end":{"line":133,"column":14}},"loc":{"start":{"line":133,"column":19},"end":{"line":135,"column":3}},"line":133},"16":{"name":"(anonymous_16)","decl":{"start":{"line":142,"column":29},"end":{"line":142,"column":30}},"loc":{"start":{"line":142,"column":48},"end":{"line":146,"column":1}},"line":142}},"branchMap":{"0":{"loc":{"start":{"line":9,"column":63},"end":{"line":9,"column":78}},"type":"default-arg","locations":[{"start":{"line":9,"column":74},"end":{"line":9,"column":78}}],"line":9},"1":{"loc":{"start":{"line":10,"column":2},"end":{"line":10,"column":23}},"type":"if","locations":[{"start":{"line":10,"column":2},"end":{"line":10,"column":23}},{"start":{},"end":{}}],"line":10},"2":{"loc":{"start":{"line":25,"column":43},"end":{"line":25,"column":54}},"type":"default-arg","locations":[{"start":{"line":25,"column":51},"end":{"line":25,"column":54}}],"line":25},"3":{"loc":{"start":{"line":35,"column":59},"end":{"line":35,"column":77}},"type":"default-arg","locations":[{"start":{"line":35,"column":74},"end":{"line":35,"column":77}}],"line":35},"4":{"loc":{"start":{"line":50,"column":4},"end":{"line":53,"column":5}},"type":"if","locations":[{"start":{"line":50,"column":4},"end":{"line":53,"column":5}},{"start":{},"end":{}}],"line":50},"5":{"loc":{"start":{"line":68,"column":6},"end":{"line":71,"column":7}},"type":"if","locations":[{"start":{"line":68,"column":6},"end":{"line":71,"column":7}},{"start":{},"end":{}}],"line":68},"6":{"loc":{"start":{"line":81,"column":46},"end":{"line":81,"column":58}},"type":"default-arg","locations":[{"start":{"line":81,"column":56},"end":{"line":81,"column":58}}],"line":81},"7":{"loc":{"start":{"line":82,"column":2},"end":{"line":82,"column":29}},"type":"if","locations":[{"start":{"line":82,"column":2},"end":{"line":82,"column":29}},{"start":{},"end":{}}],"line":82},"8":{"loc":{"start":{"line":99,"column":52},"end":{"line":99,"column":64}},"type":"default-arg","locations":[{"start":{"line":99,"column":62},"end":{"line":99,"column":64}}],"line":99},"9":{"loc":{"start":{"line":100,"column":2},"end":{"line":103,"column":3}},"type":"if","locations":[{"start":{"line":100,"column":2},"end":{"line":103,"column":3}},{"start":{},"end":{}}],"line":100},"10":{"loc":{"start":{"line":100,"column":6},"end":{"line":100,"column":46}},"type":"binary-expr","locations":[{"start":{"line":100,"column":6},"end":{"line":100,"column":14}},{"start":{"line":100,"column":18},"end":{"line":100,"column":46}}],"line":100},"11":{"loc":{"start":{"line":112,"column":6},"end":{"line":115,"column":7}},"type":"if","locations":[{"start":{"line":112,"column":6},"end":{"line":115,"column":7}},{"start":{},"end":{}}],"line":112},"12":{"loc":{"start":{"line":127,"column":39},"end":{"line":127,"column":54}},"type":"default-arg","locations":[{"start":{"line":127,"column":50},"end":{"line":127,"column":54}}],"line":127},"13":{"loc":{"start":{"line":128,"column":2},"end":{"line":128,"column":23}},"type":"if","locations":[{"start":{"line":128,"column":2},"end":{"line":128,"column":23}},{"start":{},"end":{}}],"line":128},"14":{"loc":{"start":{"line":142,"column":30},"end":{"line":142,"column":43}},"type":"default-arg","locations":[{"start":{"line":142,"column":40},"end":{"line":142,"column":43}}],"line":142},"15":{"loc":{"start":{"line":143,"column":2},"end":{"line":145,"column":3}},"type":"if","locations":[{"start":{"line":143,"column":2},"end":{"line":145,"column":3}},{"start":{},"end":{}}],"line":143}},"s":{"0":0,"1":0,"2":0,"3":0,"4":0,"5":0,"6":0,"7":0,"8":0,"9":0,"10":0,"11":0,"12":0,"13":0,"14":0,"15":0,"16":0,"17":0,"18":0,"19":0,"20":0,"21":0,"22":0,"23":0,"24":0,"25":0,"26":0,"27":0,"28":0,"29":0,"30":0,"31":0,"32":0,"33":0,"34":0,"35":0,"36":0,"37":0,"38":0,"39":0,"40":0,"41":0,"42":0,"43":0,"44":0,"45":0,"46":0,"47":0,"48":0,"49":0,"50":0,"51":0,"52":0,"53":0},"f":{"0":0,"1":0,"2":0,"3":0,"4":0,"5":0,"6":0,"7":0,"8":0,"9":0,"10":0,"11":0,"12":0,"13":0,"14":0,"15":0,"16":0},"b":{"0":[0],"1":[0,0],"2":[0],"3":[0],"4":[0,0],"5":[0,0],"6":[0],"7":[0,0],"8":[0],"9":[0,0],"10":[0,0],"11":[0,0],"12":[0],"13":[0,0],"14":[0],"15":[0,0]}}
,"/Users/aicec/_Book_Claude-Code/week1/Fri/src/utils/dateUtils.js": {"path":"/Users/aicec/_Book_Claude-Code/week1/Fri/src/utils/dateUtils.js","statementMap":{"0":{"start":{"line":8,"column":32},"end":{"line":15,"column":1}},"1":{"start":{"line":9,"column":2},"end":{"line":14,"column":5}},"2":{"start":{"line":22,"column":32},"end":{"line":30,"column":1}},"3":{"start":{"line":23,"column":15},"end":{"line":23,"column":34}},"4":{"start":{"line":24,"column":2},"end":{"line":29,"column":5}},"5":{"start":{"line":38,"column":25},"end":{"line":45,"column":1}},"6":{"start":{"line":39,"column":13},"end":{"line":39,"column":28}},"7":{"start":{"line":40,"column":13},"end":{"line":40,"column":28}},"8":{"start":{"line":42,"column":2},"end":{"line":44,"column":39}},"9":{"start":{"line":52,"column":23},"end":{"line":54,"column":1}},"10":{"start":{"line":53,"column":2},"end":{"line":53,"column":37}},"11":{"start":{"line":61,"column":31},"end":{"line":82,"column":1}},"12":{"start":{"line":62,"column":14},"end":{"line":62,"column":24}},"13":{"start":{"line":63,"column":21},"end":{"line":63,"column":35}},"14":{"start":{"line":64,"column":19},"end":{"line":64,"column":35}},"15":{"start":{"line":65,"column":24},"end":{"line":65,"column":58}},"16":{"start":{"line":66,"column":22},"end":{"line":66,"column":52}},"17":{"start":{"line":67,"column":21},"end":{"line":67,"column":49}},"18":{"start":{"line":69,"column":2},"end":{"line":81,"column":3}},"19":{"start":{"line":70,"column":4},"end":{"line":70,"column":18}},"20":{"start":{"line":71,"column":9},"end":{"line":81,"column":3}},"21":{"start":{"line":72,"column":4},"end":{"line":72,"column":33}},"22":{"start":{"line":73,"column":9},"end":{"line":81,"column":3}},"23":{"start":{"line":74,"column":4},"end":{"line":74,"column":32}},"24":{"start":{"line":75,"column":9},"end":{"line":81,"column":3}},"25":{"start":{"line":76,"column":4},"end":{"line":76,"column":16}},"26":{"start":{"line":77,"column":9},"end":{"line":81,"column":3}},"27":{"start":{"line":78,"column":4},"end":{"line":78,"column":30}},"28":{"start":{"line":80,"column":4},"end":{"line":80,"column":34}},"29":{"start":{"line":88,"column":36},"end":{"line":100,"column":1}},"30":{"start":{"line":89,"column":14},"end":{"line":89,"column":24}},"31":{"start":{"line":90,"column":19},"end":{"line":90,"column":32}},"32":{"start":{"line":91,"column":2},"end":{"line":91,"column":43}},"33":{"start":{"line":92,"column":2},"end":{"line":92,"column":32}},"34":{"start":{"line":94,"column":15},"end":{"line":94,"column":29}},"35":{"start":{"line":95,"column":16},"end":{"line":95,"column":51}},"36":{"start":{"line":96,"column":18},"end":{"line":96,"column":69}},"37":{"start":{"line":97,"column":18},"end":{"line":97,"column":57}},"38":{"start":{"line":99,"column":2},"end":{"line":99,"column":37}}},"fnMap":{"0":{"name":"(anonymous_0)","decl":{"start":{"line":8,"column":32},"end":{"line":8,"column":33}},"loc":{"start":{"line":8,"column":42},"end":{"line":15,"column":1}},"line":8},"1":{"name":"(anonymous_1)","decl":{"start":{"line":22,"column":32},"end":{"line":22,"column":33}},"loc":{"start":{"line":22,"column":47},"end":{"line":30,"column":1}},"line":22},"2":{"name":"(anonymous_2)","decl":{"start":{"line":38,"column":25},"end":{"line":38,"column":26}},"loc":{"start":{"line":38,"column":43},"end":{"line":45,"column":1}},"line":38},"3":{"name":"(anonymous_3)","decl":{"start":{"line":52,"column":23},"end":{"line":52,"column":24}},"loc":{"start":{"line":52,"column":33},"end":{"line":54,"column":1}},"line":52},"4":{"name":"(anonymous_4)","decl":{"start":{"line":61,"column":31},"end":{"line":61,"column":32}},"loc":{"start":{"line":61,"column":41},"end":{"line":82,"column":1}},"line":61},"5":{"name":"(anonymous_5)","decl":{"start":{"line":88,"column":36},"end":{"line":88,"column":37}},"loc":{"start":{"line":88,"column":42},"end":{"line":100,"column":1}},"line":88}},"branchMap":{"0":{"loc":{"start":{"line":42,"column":9},"end":{"line":44,"column":38}},"type":"binary-expr","locations":[{"start":{"line":42,"column":9},"end":{"line":42,"column":46}},{"start":{"line":43,"column":9},"end":{"line":43,"column":40}},{"start":{"line":44,"column":9},"end":{"line":44,"column":38}}],"line":42},"1":{"loc":{"start":{"line":69,"column":2},"end":{"line":81,"column":3}},"type":"if","locations":[{"start":{"line":69,"column":2},"end":{"line":81,"column":3}},{"start":{"line":71,"column":9},"end":{"line":81,"column":3}}],"line":69},"2":{"loc":{"start":{"line":71,"column":9},"end":{"line":81,"column":3}},"type":"if","locations":[{"start":{"line":71,"column":9},"end":{"line":81,"column":3}},{"start":{"line":73,"column":9},"end":{"line":81,"column":3}}],"line":71},"3":{"loc":{"start":{"line":73,"column":9},"end":{"line":81,"column":3}},"type":"if","locations":[{"start":{"line":73,"column":9},"end":{"line":81,"column":3}},{"start":{"line":75,"column":9},"end":{"line":81,"column":3}}],"line":73},"4":{"loc":{"start":{"line":75,"column":9},"end":{"line":81,"column":3}},"type":"if","locations":[{"start":{"line":75,"column":9},"end":{"line":81,"column":3}},{"start":{"line":77,"column":9},"end":{"line":81,"column":3}}],"line":75},"5":{"loc":{"start":{"line":77,"column":9},"end":{"line":81,"column":3}},"type":"if","locations":[{"start":{"line":77,"column":9},"end":{"line":81,"column":3}},{"start":{"line":79,"column":9},"end":{"line":81,"column":3}}],"line":77}},"s":{"0":0,"1":0,"2":0,"3":0,"4":0,"5":0,"6":0,"7":0,"8":0,"9":0,"10":0,"11":0,"12":0,"13":0,"14":0,"15":0,"16":0,"17":0,"18":0,"19":0,"20":0,"21":0,"22":0,"23":0,"24":0,"25":0,"26":0,"27":0,"28":0,"29":0,"30":0,"31":0,"32":0,"33":0,"34":0,"35":0,"36":0,"37":0,"38":0},"f":{"0":0,"1":0,"2":0,"3":0,"4":0,"5":0},"b":{"0":[0,0,0],"1":[0,0],"2":[0,0],"3":[0,0],"4":[0,0],"5":[0,0]}}
}
